  Steering.cpp
f:\ai\ai_project2\gameai\steering\steering.cpp : fatal error C1041: cannot open program database 'F:\AI\AI_project2\GameAI\steering\Debug\steering\vc141.idb'; if multiple CL.EXE write to the same .PDB file, please use /FS
  SpriteManager.cpp
  Sprite.cpp
  main.cpp
  KinematicSeekSteering.cpp
  KinematicArriveSteering.cpp
  Kinematic.cpp
  GraphicsBufferManager.cpp
  GraphicsBuffer.cpp
  GameMessage.cpp
  DynamicSeekSteering.cpp
  DynamicArriveSteering.cpp
  Generating Code...
  Skipping... (no relevant changes detected)
  WanderAndSeek.cpp
  UnitManager.cpp
  UnitDeleteRandomMessage.cpp
  UnitCreateSeekMessage.cpp
  UnitCreateArriveMessage.cpp
  UIManager.cpp
  PlayerMoveToMessage.cpp
  KinematicWanderSteering.cpp
  KinematicUnit.cpp
  InputManager.cpp
  GraphicsSystem.cpp
  GameMessageManager.cpp
  Game.cpp
